\BOOKMARK [-1][]{part.5}{\376\377\000M\000O\000M\000E\000N\000T\000\040\000L\036\360\000C\000\040\000-\001\020\000I\036\300\000U\000\040\000K\000I\036\306\000N\000\040\000C\000\302\000N\000\040\000B\036\260\000N\000G}{}% 1
\BOOKMARK [0][]{mychapter.5.13}{\376\377\000T\036\325\000n\000g\000\040\000h\036\343\000p\000\040\000l\036\361\000c\000\040\000s\000o\000n\000g\000\040\000s\000o\000n\000g\000\040\000c\000\371\000n\000g\000\040\000c\000h\000i\036\301\000u}{part.5}% 2
\BOOKMARK [0][]{chapter.1}{\376\377\000T\036\325\000n\000g\000\040\000h\036\343\000p\000\040\000h\000a\000i\000\040\000l\036\361\000c\000\040\000s\000o\000n\000g\000\040\000s\000o\000n\000g\000\040\000c\000\371\000n\000g\000\040\000c\000h\000i\036\301\000u}{part.5}% 3
\BOOKMARK [1][]{section.1.1}{\376\377\000L\000\375\000\040\000t\000h\000u\000y\036\277\000t}{chapter.1}% 4
\BOOKMARK [1][]{section.1.2}{\376\377\000M\036\345\000c\000\040\000t\000i\000\352\000u\000\040\000b\000\340\000i\000\040\000h\036\315\000c\000\040\000-\000\040\000V\000\355\000\040\000d\036\345\000\040\000m\000i\000n\000h\000\040\000h\000o\036\241}{chapter.1}% 5
\BOOKMARK [1][]{section.1.3}{\376\377\000T\000r\036\257\000c\000\040\000n\000g\000h\000i\036\307\000m\000\040\000n\000h\000i\036\301\000u\000\040\000p\000h\001\260\001\241\000n\000g\000\040\000\341\000n\000\040\000l\036\361\000a\000\040\000c\000h\036\315\000n}{chapter.1}% 6
\BOOKMARK [1][]{section.1.4}{\376\377\000T\000r\036\257\000c\000\040\000n\000g\000h\000i\036\307\000m\000\040\001\021\000\372\000n\000g\000/\000s\000a\000i}{chapter.1}% 7
\BOOKMARK [1][]{section.1.5}{\376\377\000T\036\361\000\040\000l\000u\036\255\000n}{chapter.1}% 8
\BOOKMARK [0][]{mychapter.5.14}{\376\377\000M\000o\000m\000e\000n\000t\000\040\000l\036\361\000c\000\040\000-\000\040\001\020\000i\036\301\000u\000\040\000k\000i\036\307\000n\000\040\000c\000\342\000n\000\040\000b\036\261\000n\000g\000\040\000c\036\347\000a\000\040\000v\036\255\000t}{part.5}% 9
\BOOKMARK [0][]{chapter.2}{\376\377\000M\000o\000m\000e\000n\000t\000\040\000l\036\361\000c\000\040\000-\000\040\001\020\000i\036\301\000u\000\040\000k\000i\036\307\000n\000\040\000c\000\342\000n\000\040\000b\036\261\000n\000g\000\040\000c\036\347\000a\000\040\000v\036\255\000t}{part.5}% 10
\BOOKMARK [1][]{section.2.1}{\376\377\000L\000\375\000\040\000t\000h\000u\000y\036\277\000t}{chapter.2}% 11
\BOOKMARK [1][]{section.2.2}{\376\377\000M\036\345\000c\000\040\000t\000i\000\352\000u\000\040\000b\000\340\000i\000\040\000h\036\315\000c\000\040\000-\000\040\000V\000\355\000\040\000d\036\345\000\040\000m\000i\000n\000h\000\040\000h\036\315\000a}{chapter.2}% 12
\BOOKMARK [1][]{section.2.3}{\376\377\000T\000r\036\257\000c\000\040\000n\000g\000h\000i\036\307\000m\000\040\000n\000h\000i\036\301\000u\000\040\000p\000h\001\260\001\241\000n\000g\000\040\000\341\000n\000\040\000l\036\361\000a\000\040\000c\000h\036\315\000n}{chapter.2}% 13
\BOOKMARK [1][]{section.2.4}{\376\377\000T\000r\036\257\000c\000\040\000n\000g\000h\000i\036\307\000m\000\040\001\021\000\372\000n\000g\000/\000s\000a\000i}{chapter.2}% 14
\BOOKMARK [1][]{section.2.5}{\376\377\000T\036\361\000\040\000l\000u\036\255\000n}{chapter.2}% 15
\BOOKMARK [0][]{chapter*.2}{\376\377\000\324\000n\000\040\000t\036\255\000p\000\040\000c\000h\001\260\001\241\000n\000g\000\040\0005}{part.5}% 16
\BOOKMARK [-1][]{part.6}{\376\377\000N\001\002\000N\000G\000\040\000L\001\257\036\342\000N\000G}{}% 17
\BOOKMARK [0][]{mychapter.6.15}{\376\377\000N\001\003\000n\000g\000\040\000l\001\260\036\343\000n\000g\000.\000\040\000C\000\364\000n\000g\000\040\000c\001\241\000\040\000h\036\315\000c}{part.6}% 18
\BOOKMARK [0][]{chapter.3}{\376\377\000N\001\003\000n\000g\000\040\000l\001\260\036\343\000n\000g\000.\000\040\000C\000\364\000n\000g\000\040\000c\001\241\000\040\000h\036\315\000c\000.}{part.6}% 19
\BOOKMARK [1][]{section.3.1}{\376\377\000L\000\375\000\040\000t\000h\000u\000y\036\277\000t}{chapter.3}% 20
\BOOKMARK [1][]{section.3.2}{\376\377\000M\036\345\000c\000\040\000t\000i\000\352\000u\000\040\000b\000\340\000i\000\040\000h\036\315\000c\000\040\000-\000\040\000V\000\355\000\040\000d\036\345\000\040\000m\000i\000n\000h\000\040\000h\036\315\000a}{chapter.3}% 21
\BOOKMARK [1][]{section.3.3}{\376\377\000T\000r\036\257\000c\000\040\000n\000g\000h\000i\036\307\000m\000\040\000n\000h\000i\036\301\000u\000\040\000p\000h\001\260\001\241\000n\000g\000\040\000\341\000n\000\040\000l\036\361\000a\000\040\000c\000h\036\315\000n}{chapter.3}% 22
\BOOKMARK [1][]{section.3.4}{\376\377\000T\000r\036\257\000c\000\040\000n\000g\000h\000i\036\307\000m\000\040\001\021\000\372\000n\000g\000/\000s\000a\000i}{chapter.3}% 23
\BOOKMARK [1][]{section.3.5}{\376\377\000T\036\361\000\040\000l\000u\036\255\000n}{chapter.3}% 24
\BOOKMARK [0][]{mychapter.6.16}{\376\377\000C\000\364\000n\000g\000\040\000s\000u\036\245\000t}{part.6}% 25
\BOOKMARK [0][]{chapter.4}{\376\377\000C\000\364\000n\000g\000\040\000s\000u\036\245\000t}{part.6}% 26
\BOOKMARK [1][]{section.4.1}{\376\377\000L\000\375\000\040\000t\000h\000u\000y\036\277\000t}{chapter.4}% 27
\BOOKMARK [1][]{section.4.2}{\376\377\000M\036\345\000c\000\040\000t\000i\000\352\000u\000\040\000b\000\340\000i\000\040\000h\036\315\000c\000\040\000-\000\040\000V\000\355\000\040\000d\036\345\000\040\000m\000i\000n\000h\000\040\000h\036\315\000a}{chapter.4}% 28
\BOOKMARK [1][]{section.4.3}{\376\377\000T\000r\036\257\000c\000\040\000n\000g\000h\000i\036\307\000m\000\040\000n\000h\000i\036\301\000u\000\040\000p\000h\001\260\001\241\000n\000g\000\040\000\341\000n\000\040\000l\036\361\000a\000\040\000c\000h\036\315\000n}{chapter.4}% 29
\BOOKMARK [1][]{section.4.4}{\376\377\000T\000r\036\257\000c\000\040\000n\000g\000h\000i\036\307\000m\000\040\001\021\000\372\000n\000g\000/\000s\000a\000i}{chapter.4}% 30
\BOOKMARK [1][]{section.4.5}{\376\377\000T\036\361\000\040\000l\000u\036\255\000n}{chapter.4}% 31
\BOOKMARK [0][]{mychapter.6.17}{\376\377\001\020\036\331\000n\000g\000\040\000n\001\003\000n\000g\000\040\000v\000\340\000\040\000t\000h\036\277\000\040\000n\001\003\000n\000g\000.\000\040\001\020\036\313\000n\000h\000\040\000l\000u\036\255\000t\000\040\000b\036\243\000o\000\040\000t\000o\000\340\000n\000\040\000c\001\241\000\040\000n\001\003\000n\000g\000.}{part.6}% 32
\BOOKMARK [0][]{chapter.5}{\376\377\001\020\036\331\000n\000g\000\040\000n\001\003\000n\000g\000\040\000v\000\340\000\040\000t\000h\036\277\000\040\000n\001\003\000n\000g}{part.6}% 33
\BOOKMARK [1][]{section.5.1}{\376\377\000L\000\375\000\040\000t\000h\000u\000y\036\277\000t}{chapter.5}% 34
\BOOKMARK [1][]{section.5.2}{\376\377\000M\036\345\000c\000\040\000t\000i\000\352\000u\000\040\000b\000\340\000i\000\040\000h\036\315\000c\000\040\000-\000\040\000V\000\355\000\040\000d\036\345\000\040\000m\000i\000n\000h\000\040\000h\036\315\000a}{chapter.5}% 35
\BOOKMARK [1][]{section.5.3}{\376\377\000T\000r\036\257\000c\000\040\000n\000g\000h\000i\036\307\000m\000\040\000n\000h\000i\036\301\000u\000\040\000p\000h\001\260\001\241\000n\000g\000\040\000\341\000n\000\040\000l\036\361\000a\000\040\000c\000h\036\315\000n}{chapter.5}% 36
\BOOKMARK [1][]{section.5.4}{\376\377\000T\000r\036\257\000c\000\040\000n\000g\000h\000i\036\307\000m\000\040\001\021\000\372\000n\000g\000/\000s\000a\000i}{chapter.5}% 37
\BOOKMARK [1][]{section.5.5}{\376\377\000T\036\361\000\040\000l\000u\036\255\000n}{chapter.5}% 38
\BOOKMARK [0][]{chapter.6}{\376\377\001\020\036\313\000n\000h\000\040\000l\000u\036\255\000t\000\040\000b\036\243\000o\000\040\000t\000o\000\340\000n\000\040\000c\001\241\000\040\000n\001\003\000n\000g\000.}{part.6}% 39
\BOOKMARK [1][]{section.6.1}{\376\377\000L\000\375\000\040\000t\000h\000u\000y\036\277\000t}{chapter.6}% 40
\BOOKMARK [1][]{section.6.2}{\376\377\000M\036\345\000c\000\040\000t\000i\000\352\000u\000\040\000b\000\340\000i\000\040\000h\036\315\000c\000\040\000-\000\040\000V\000\355\000\040\000d\036\345\000\040\000m\000i\000n\000h\000\040\000h\036\315\000a}{chapter.6}% 41
\BOOKMARK [1][]{section.6.3}{\376\377\000T\000r\036\257\000c\000\040\000n\000g\000h\000i\036\307\000m\000\040\000n\000h\000i\036\301\000u\000\040\000p\000h\001\260\001\241\000n\000g\000\040\000\341\000n\000\040\000l\036\361\000a\000\040\000c\000h\036\315\000n}{chapter.6}% 42
\BOOKMARK [1][]{section.6.4}{\376\377\000T\000r\036\257\000c\000\040\000n\000g\000h\000i\036\307\000m\000\040\001\021\000\372\000n\000g\000/\000s\000a\000i}{chapter.6}% 43
\BOOKMARK [1][]{section.6.5}{\376\377\000T\036\361\000\040\000l\000u\036\255\000n}{chapter.6}% 44
\BOOKMARK [0][]{mychapter.6.18}{\376\377\000H\000i\036\307\000u\000\040\000s\000u\036\245\000t}{part.6}% 45
\BOOKMARK [0][]{chapter.7}{\376\377\000H\000i\036\307\000u\000\040\000s\000u\036\245\000t}{part.6}% 46
\BOOKMARK [1][]{section.7.1}{\376\377\000L\000\375\000\040\000t\000h\000u\000y\036\277\000t}{chapter.7}% 47
\BOOKMARK [1][]{section.7.2}{\376\377\000M\036\345\000c\000\040\000t\000i\000\352\000u\000\040\000b\000\340\000i\000\040\000h\036\315\000c\000\040\000-\000\040\000V\000\355\000\040\000d\036\345\000\040\000m\000i\000n\000h\000\040\000h\036\315\000a}{chapter.7}% 48
\BOOKMARK [1][]{section.7.3}{\376\377\000T\000r\036\257\000c\000\040\000n\000g\000h\000i\036\307\000m\000\040\000n\000h\000i\036\301\000u\000\040\000p\000h\001\260\001\241\000n\000g\000\040\000\341\000n\000\040\000l\036\361\000a\000\040\000c\000h\036\315\000n}{chapter.7}% 49
\BOOKMARK [1][]{section.7.4}{\376\377\000T\000r\036\257\000c\000\040\000n\000g\000h\000i\036\307\000m\000\040\001\021\000\372\000n\000g\000/\000s\000a\000i}{chapter.7}% 50
\BOOKMARK [1][]{section.7.5}{\376\377\000T\036\361\000\040\000l\000u\036\255\000n}{chapter.7}% 51
\BOOKMARK [0][]{chapter*.3}{\376\377\000\324\000n\000\040\000t\036\255\000p\000\040\000c\000h\001\260\001\241\000n\000g\000\040\0006}{part.6}% 52
\BOOKMARK [-1][]{part.7}{\376\377\001\020\036\330\000N\000G\000\040\000L\001\257\036\342\000N\000G}{}% 53
\BOOKMARK [0][]{mychapter.7.19}{\376\377\001\020\036\331\000n\000g\000\040\000l\001\260\036\343\000n\000g}{part.7}% 54
\BOOKMARK [0][]{chapter.8}{\376\377\001\020\036\331\000n\000g\000\040\000l\001\260\036\343\000n\000g}{part.7}% 55
\BOOKMARK [1][]{section.8.1}{\376\377\000L\000\375\000\040\000t\000h\000u\000y\036\277\000t}{chapter.8}% 56
\BOOKMARK [1][]{section.8.2}{\376\377\000M\036\345\000c\000\040\000t\000i\000\352\000u\000\040\000b\000\340\000i\000\040\000h\036\315\000c\000\040\000-\000\040\000V\000\355\000\040\000d\036\345\000\040\000m\000i\000n\000h\000\040\000h\036\315\000a}{chapter.8}% 57
\BOOKMARK [1][]{section.8.3}{\376\377\000T\000r\036\257\000c\000\040\000n\000g\000h\000i\036\307\000m\000\040\000n\000h\000i\036\301\000u\000\040\000p\000h\001\260\001\241\000n\000g\000\040\000\341\000n\000\040\000l\036\361\000a\000\040\000c\000h\036\315\000n}{chapter.8}% 58
\BOOKMARK [1][]{section.8.4}{\376\377\000T\000r\036\257\000c\000\040\000n\000g\000h\000i\036\307\000m\000\040\001\021\000\372\000n\000g\000/\000s\000a\000i}{chapter.8}% 59
\BOOKMARK [1][]{section.8.5}{\376\377\000T\036\361\000\040\000l\000u\036\255\000n}{chapter.8}% 60
\BOOKMARK [0][]{mychapter.7.20}{\376\377\001\020\036\313\000n\000h\000\040\000l\000u\036\255\000t\000\040\000b\036\243\000o\000\040\000t\000o\000\340\000n\000\040\001\021\036\331\000n\000g\000\040\000l\001\260\036\343\000n\000g}{part.7}% 61
\BOOKMARK [0][]{chapter.9}{\376\377\001\020\036\313\000n\000h\000\040\000l\000u\036\255\000t\000\040\000b\036\243\000o\000\040\000t\000o\000\340\000n\000\040\001\021\036\331\000n\000g\000\040\000l\001\260\036\343\000n\000g}{part.7}% 62
\BOOKMARK [1][]{section.9.1}{\376\377\000L\000\375\000\040\000t\000h\000u\000y\036\277\000t}{chapter.9}% 63
\BOOKMARK [1][]{section.9.2}{\376\377\000M\036\345\000c\000\040\000t\000i\000\352\000u\000\040\000b\000\340\000i\000\040\000h\036\315\000c\000\040\000-\000\040\000V\000\355\000\040\000d\036\345\000\040\000m\000i\000n\000h\000\040\000h\036\315\000a}{chapter.9}% 64
\BOOKMARK [1][]{section.9.3}{\376\377\000T\000r\036\257\000c\000\040\000n\000g\000h\000i\036\307\000m\000\040\000n\000h\000i\036\301\000u\000\040\000p\000h\001\260\001\241\000n\000g\000\040\000\341\000n\000\040\000l\036\361\000a\000\040\000c\000h\036\315\000n}{chapter.9}% 65
\BOOKMARK [1][]{section.9.4}{\376\377\000T\000r\036\257\000c\000\040\000n\000g\000h\000i\036\307\000m\000\040\001\021\000\372\000n\000g\000/\000s\000a\000i}{chapter.9}% 66
\BOOKMARK [1][]{section.9.5}{\376\377\000T\036\361\000\040\000l\000u\036\255\000n}{chapter.9}% 67
\BOOKMARK [0][]{chapter*.4}{\376\377\000\324\000n\000\040\000t\036\255\000p\000\040\000c\000h\001\260\001\241\000n\000g\000\040\0007}{part.7}% 68
\BOOKMARK [-1][]{part.8}{\376\377\000C\000H\000U\000Y\036\302\000N\000\040\001\020\036\330\000N\000G\000\040\000T\000R\000\322\000N}{}% 69
\BOOKMARK [0][]{mychapter.8.21}{\376\377\001\020\036\331\000n\000g\000\040\000h\036\315\000c\000\040\000c\036\347\000a\000\040\000c\000h\000u\000y\036\303\000n\000\040\001\021\036\331\000n\000g\000\040\000t\000r\000\362\000n}{part.8}% 70
\BOOKMARK [0][]{chapter.10}{\376\377\001\020\036\331\000n\000g\000\040\000h\036\315\000c\000\040\000c\036\347\000a\000\040\000c\000h\000u\000y\036\303\000n\000\040\001\021\036\331\000n\000g\000\040\000t\000r\000\362\000n}{part.8}% 71
\BOOKMARK [1][]{section.10.1}{\376\377\000L\000\375\000\040\000t\000h\000u\000y\036\277\000t}{chapter.10}% 72
\BOOKMARK [1][]{section.10.2}{\376\377\000M\036\345\000c\000\040\000t\000i\000\352\000u\000\040\000b\000\340\000i\000\040\000h\036\315\000c\000\040\000-\000\040\000V\000\355\000\040\000d\036\345\000\040\000m\000i\000n\000h\000\040\000h\036\315\000a}{chapter.10}% 73
\BOOKMARK [1][]{section.10.3}{\376\377\000T\000r\036\257\000c\000\040\000n\000g\000h\000i\036\307\000m\000\040\000n\000h\000i\036\301\000u\000\040\000p\000h\001\260\001\241\000n\000g\000\040\000\341\000n\000\040\000l\036\361\000a\000\040\000c\000h\036\315\000n}{chapter.10}% 74
\BOOKMARK [1][]{section.10.4}{\376\377\000T\000r\036\257\000c\000\040\000n\000g\000h\000i\036\307\000m\000\040\001\021\000\372\000n\000g\000/\000s\000a\000i}{chapter.10}% 75
\BOOKMARK [1][]{section.10.5}{\376\377\000T\036\361\000\040\000l\000u\036\255\000n}{chapter.10}% 76
\BOOKMARK [0][]{mychapter.8.22}{\376\377\001\020\036\331\000n\000g\000\040\000l\036\361\000c\000\040\000h\036\315\000c\000\040\000c\036\347\000a\000\040\000c\000h\000u\000y\036\303\000n\000\040\001\021\036\331\000n\000g\000\040\000t\000r\000\362\000n\000.\000\040\000L\036\361\000c\000\040\000h\001\260\036\333\000n\000g\000\040\000t\000\342\000m}{part.8}% 77
\BOOKMARK [0][]{chapter.11}{\376\377\001\020\036\331\000n\000g\000\040\000l\036\361\000c\000\040\000h\036\315\000c\000\040\000c\036\347\000a\000\040\000c\000h\000u\000y\036\303\000n\000\040\001\021\036\331\000n\000g\000\040\000t\000r\000\362\000n\000.\000\040\000L\036\361\000c\000\040\000h\001\260\036\333\000n\000g\000\040\000t\000\342\000m}{part.8}% 78
\BOOKMARK [1][]{section.11.1}{\376\377\000L\000\375\000\040\000t\000h\000u\000y\036\277\000t}{chapter.11}% 79
\BOOKMARK [1][]{section.11.2}{\376\377\000M\036\345\000c\000\040\000t\000i\000\352\000u\000\040\000b\000\340\000i\000\040\000h\036\315\000c\000\040\000-\000\040\000V\000\355\000\040\000d\036\345\000\040\000m\000i\000n\000h\000\040\000h\036\315\000a}{chapter.11}% 80
\BOOKMARK [1][]{section.11.3}{\376\377\000T\000r\036\257\000c\000\040\000n\000g\000h\000i\036\307\000m\000\040\000n\000h\000i\036\301\000u\000\040\000p\000h\001\260\001\241\000n\000g\000\040\000\341\000n\000\040\000l\036\361\000a\000\040\000c\000h\036\315\000n}{chapter.11}% 81
\BOOKMARK [1][]{section.11.4}{\376\377\000T\000r\036\257\000c\000\040\000n\000g\000h\000i\036\307\000m\000\040\001\021\000\372\000n\000g\000/\000s\000a\000i}{chapter.11}% 82
\BOOKMARK [1][]{section.11.5}{\376\377\000T\036\361\000\040\000l\000u\036\255\000n}{chapter.11}% 83
\BOOKMARK [0][]{chapter*.5}{\376\377\000\324\000n\000\040\000t\036\255\000p\000\040\000c\000h\001\260\001\241\000n\000g\000\040\0008}{part.8}% 84
\BOOKMARK [-1][]{part.9}{\376\377\000B\000I\036\276\000N\000\040\000D\036\240\000N\000G\000\040\000C\036\346\000A\000\040\000V\036\254\000T\000\040\000R\036\256\000N}{}% 85
\BOOKMARK [0][]{mychapter.9.23}{\376\377\000B\000i\036\277\000n\000\040\000d\036\241\000n\000g\000\040\000c\036\347\000a\000\040\000v\036\255\000t\000\040\000r\036\257\000n\000.\000\040\001\020\036\267\000c\000\040\000t\000\355\000n\000h\000\040\000c\036\347\000a\000\040\000l\000\362\000\040\000x\000o\000.\000\040\001\020\036\313\000n\000h\000\040\000l\000u\036\255\000t\000\040\000H\000o\000o\000k\000e}{part.9}% 86
\BOOKMARK [0][]{chapter.12}{\376\377\000B\000i\036\277\000n\000\040\000d\036\241\000n\000g\000\040\000c\036\347\000a\000\040\000v\036\255\000t\000\040\000r\036\257\000n\000.\000\040\001\020\036\267\000c\000\040\000t\000\355\000n\000h\000\040\000c\036\347\000a\000\040\000l\000\362\000\040\000x\000o\000.\000\040\001\020\036\313\000n\000h\000\040\000l\000u\036\255\000t\000\040\000H\000o\000o\000k\000e}{part.9}% 87
\BOOKMARK [1][]{section.12.1}{\376\377\000L\000\375\000\040\000t\000h\000u\000y\036\277\000t}{chapter.12}% 88
\BOOKMARK [1][]{section.12.2}{\376\377\000M\036\345\000c\000\040\000t\000i\000\352\000u\000\040\000b\000\340\000i\000\040\000h\036\315\000c\000\040\000-\000\040\000V\000\355\000\040\000d\036\345\000\040\000m\000i\000n\000h\000\040\000h\036\315\000a}{chapter.12}% 89
\BOOKMARK [1][]{section.12.3}{\376\377\000T\000r\036\257\000c\000\040\000n\000g\000h\000i\036\307\000m\000\040\000n\000h\000i\036\301\000u\000\040\000p\000h\001\260\001\241\000n\000g\000\040\000\341\000n\000\040\000l\036\361\000a\000\040\000c\000h\036\315\000n}{chapter.12}% 90
\BOOKMARK [1][]{section.12.4}{\376\377\000T\000r\036\257\000c\000\040\000n\000g\000h\000i\036\307\000m\000\040\001\021\000\372\000n\000g\000/\000s\000a\000i}{chapter.12}% 91
\BOOKMARK [1][]{section.12.5}{\376\377\000T\036\361\000\040\000l\000u\036\255\000n}{chapter.12}% 92
\BOOKMARK [0][]{chapter*.6}{\376\377\000\324\000n\000\040\000t\036\255\000p\000\040\000c\000h\001\260\001\241\000n\000g\000\040\0009}{part.9}% 93
